<?xml version="1.0" encoding="UTF-8" ?>
<testsuite tests="6" failures="0" name="NewEmptyJUnitTest" time="0.1" errors="0" skipped="0">
  <properties>
[...]
</properties>
  <testcase classname="NewEmptyJUnitTest" name="egySzam" time="0.01"/>
  <testcase classname="NewEmptyJUnitTest" name="negativSzamok" time="0.01"/>
  <testcase classname="NewEmptyJUnitTest" name="ketSzam" time="0"/>
  <testcase classname="NewEmptyJUnitTest" name="egyebEsetek" time="0"/>
  <testcase classname="NewEmptyJUnitTest" name="uresString" time="0"/>
  <testcase classname="NewEmptyJUnitTest" name="masElvalaszto" time="0"/>
</testsuite>